#
# A fatal error has been detected by the Java Runtime Environment:
#
#  EXCEPTION_PRIV_INSTRUCTION (0xc0000096) at pc=0x00000000031659ad, pid=14240, tid=0x00000000000037e8
#
# JRE version: Java(TM) SE Runtime Environment (8.0_241-b07) (build 1.8.0_241-b07)
# Java VM: Java HotSpot(TM) 64-Bit Server VM (25.241-b07 mixed mode windows-amd64 compressed oops)
# Problematic frame:
# j  javax.validation.Validation.byDefaultProvider()Ljavax/validation/bootstrap/GenericBootstrap;+5
#
# Failed to write core dump. Minidumps are not enabled by default on client versions of Windows
#
# If you would like to submit a bug report, please visit:
#   http://bugreport.java.com/bugreport/crash.jsp
#

---------------  T H R E A D  ---------------

Current thread (0x000000001946f000):  JavaThread "background-preinit" [_thread_in_Java, id=14312, stack(0x000000001b0d0000,0x000000001b1d0000)]

siginfo: ExceptionCode=0xc0000096

Registers:
RAX=0x0000000000000000, RBX=0x00000000000000cf, RCX=0x0000000000000000, RDX=0x0000000000000000
RSP=0x000000001b1cf310, RBP=0x000000001b1cf3b0, RSI=0x0000000020200020, RDI=0x0000000000000010
R8 =0x0000000000000061, R9 =0x0000000000df1850, R10=0x0000000000000061, R11=0x000000001b1ceae0
R12=0x0000000000000000, R13=0x000000001b2b2cd9, R14=0x000000001b1cf3b8, R15=0x000000001946f000
RIP=0x00000000031659ad, EFLAGS=0x0000000000010202

Top of Stack: (sp=0x000000001b1cf310)
0x000000001b1cf310:   000000001946f000 000000001b1cf3b8
0x000000001b1cf320:   00000000000000cf 0000000020200020
0x000000001b1cf330:   000000001b2b2e08 0000000055894800
0x000000001b1cf340:   0000000000000006 0000000000000006
0x000000001b1cf350:   0000000000000010 0000000020200020
0x000000001b1cf360:   000000001b1cf3b0 000000001b1cf390
0x000000001b1cf370:   00000000000000cf 0000000000000005
0x000000001b1cf380:   0000000000000008 0000000000000001
0x000000001b1cf390:   0000000000000000 000000001b2b2cd8
0x000000001b1cf3a0:   0000000000000000 000000001b1cf3c0
0x000000001b1cf3b0:   000000001b1cf400 00000000031680e0
0x000000001b1cf3c0:   000000001b1cf3c0 000000001b2b2000
0x000000001b1cf3d0:   000000001b1cf418 000000001b2b2398
0x000000001b1cf3e0:   0000000000000000 000000001b2b2038
0x000000001b1cf3f0:   000000001b1cf3c0 000000001b1cf418
0x000000001b1cf400:   000000001b1cf460 00000000031683a2 

Instructions: (pc=0x00000000031659ad)
0x000000000316598d:   48 b9 10 33 68 55 00 00 00 00 48 ba 37 59 16 03
0x000000000316599d:   00 00 00 00 4c 8b c4 48 83 e4 f0 e8 83 28 21 52
0x00000000031659ad:   f4 66 90 00 00 00 00 00 00 00 00 00 00 00 00 00
0x00000000031659bd:   00 00 00 80 20 00 00 00 00 00 00 f8 32 68 55 00 


Register to memory mapping:

RAX=0x0000000000000000 is an unknown value
RBX=0x00000000000000cf is an unknown value
RCX=0x0000000000000000 is an unknown value
RDX=0x0000000000000000 is an unknown value
RSP=0x000000001b1cf310 is pointing into the stack for thread: 0x000000001946f000
RBP=0x000000001b1cf3b0 is pointing into the stack for thread: 0x000000001946f000
RSI=0x0000000020200020 is an unknown value
RDI=0x0000000000000010 is an unknown value
R8 =0x0000000000000061 is an unknown value
R9 =0x0000000000df1850 is an unknown value
R10=0x0000000000000061 is an unknown value
R11=0x000000001b1ceae0 is pointing into the stack for thread: 0x000000001946f000
R12=0x0000000000000000 is an unknown value
R13=0x000000001b2b2cd9 is pointing into metadata
R14=0x000000001b1cf3b8 is pointing into the stack for thread: 0x000000001946f000
R15=0x000000001946f000 is a thread


Stack: [0x000000001b0d0000,0x000000001b1d0000],  sp=0x000000001b1cf310,  free space=1020k
Native frames: (J=compiled Java code, j=interpreted, Vv=VM code, C=native code)
C  0x00000000031659ad


---------------  P R O C E S S  ---------------

Java Threads: ( => current thread )
=>0x000000001946f000 JavaThread "background-preinit" [_thread_in_Java, id=14312, stack(0x000000001b0d0000,0x000000001b1d0000)]
  0x000000001946e800 JavaThread "RMI Scheduler(0)" daemon [_thread_blocked, id=14872, stack(0x000000001afd0000,0x000000001b0d0000)]
  0x0000000019487800 JavaThread "RMI TCP Connection(1)-192.168.1.2" daemon [_thread_in_native, id=6620, stack(0x000000001aed0000,0x000000001afd0000)]
  0x0000000019486000 JavaThread "restartedMain" [_thread_in_vm, id=14748, stack(0x000000001add0000,0x000000001aed0000)]
  0x0000000019484800 JavaThread "Thread-1" [_thread_blocked, id=5984, stack(0x000000001acd0000,0x000000001add0000)]
  0x0000000019e32000 JavaThread "RMI TCP Accept-0" daemon [_thread_in_native, id=14656, stack(0x000000001a760000,0x000000001a860000)]
  0x00000000196c3000 JavaThread "Service Thread" daemon [_thread_blocked, id=10352, stack(0x0000000019b20000,0x0000000019c20000)]
  0x00000000196b9000 JavaThread "C1 CompilerThread2" daemon [_thread_blocked, id=11872, stack(0x0000000019a20000,0x0000000019b20000)]
  0x00000000196b6000 JavaThread "C2 CompilerThread1" daemon [_thread_blocked, id=14008, stack(0x0000000019920000,0x0000000019a20000)]
  0x000000001965d000 JavaThread "C2 CompilerThread0" daemon [_thread_blocked, id=12464, stack(0x0000000019820000,0x0000000019920000)]
  0x000000001965a800 JavaThread "Monitor Ctrl-Break" daemon [_thread_in_native, id=12984, stack(0x0000000019720000,0x0000000019820000)]
  0x0000000017c9d000 JavaThread "Attach Listener" daemon [_thread_blocked, id=6380, stack(0x0000000019220000,0x0000000019320000)]
  0x0000000017c9c000 JavaThread "Signal Dispatcher" daemon [_thread_blocked, id=1772, stack(0x0000000019120000,0x0000000019220000)]
  0x0000000003159800 JavaThread "Finalizer" daemon [_thread_blocked, id=6488, stack(0x0000000018ef0000,0x0000000018ff0000)]
  0x0000000003156000 JavaThread "Reference Handler" daemon [_thread_blocked, id=13212, stack(0x0000000018df0000,0x0000000018ef0000)]
  0x0000000003066800 JavaThread "main" [_thread_blocked, id=14512, stack(0x0000000002db0000,0x0000000002eb0000)]

Other Threads:
  0x0000000017c57800 VMThread [stack: 0x0000000018cf0000,0x0000000018df0000] [id=14504]
  0x0000000019e3a000 WatcherThread [stack: 0x000000001a860000,0x000000001a960000] [id=856]

VM state:not at safepoint (normal execution)

VM Mutex/Monitor currently owned by a thread: None

heap address: 0x0000000081c00000, size: 2020 MB, Compressed Oops mode: 32-bit
Narrow klass base: 0x0000000000000000, Narrow klass shift: 3
Compressed class space size: 1073741824 Address: 0x0000000100000000

Heap:
 PSYoungGen      total 38400K, used 21856K [0x00000000d5f00000, 0x00000000daa00000, 0x0000000100000000)
  eden space 33280K, 56% used [0x00000000d5f00000,0x00000000d7153f28,0x00000000d7f80000)
  from space 5120K, 60% used [0x00000000d8480000,0x00000000d87841d8,0x00000000d8980000)
  to   space 5120K, 0% used [0x00000000d7f80000,0x00000000d7f80000,0x00000000d8480000)
 ParOldGen       total 87552K, used 24K [0x0000000081c00000, 0x0000000087180000, 0x00000000d5f00000)
  object space 87552K, 0% used [0x0000000081c00000,0x0000000081c06000,0x0000000087180000)
 Metaspace       used 12549K, capacity 12900K, committed 13184K, reserved 1060864K
  class space    used 1554K, capacity 1653K, committed 1664K, reserved 1048576K

Card table byte_map: [0x0000000012520000,0x0000000012920000] byte_map_base: 0x0000000012112000

Marking Bits: (ParMarkBitMap*) 0x00000000558abe30
 Begin Bits: [0x0000000012fd0000, 0x0000000014f60000)
 End Bits:   [0x0000000014f60000, 0x0000000016ef0000)

Polling page: 0x0000000001430000

CodeCache: size=245760Kb used=2760Kb max_used=2760Kb free=242999Kb
 bounds [0x0000000003160000, 0x0000000003420000, 0x0000000012160000]
 total_blobs=1430 nmethods=1057 adapters=286
 compilation: enabled

Compilation events (10 events):
Event: 1.754 Thread 0x00000000196b9000 1035       1       sun.reflect.generics.reflectiveObjects.ParameterizedTypeImpl::getRawType (5 bytes)
Event: 1.754 Thread 0x00000000196b9000 nmethod 1035 0x000000000340bf50 code [0x000000000340c0a0, 0x000000000340c1b0]
Event: 1.755 Thread 0x00000000196b9000 1036       1       java.util.concurrent.locks.AbstractQueuedSynchronizer::compareAndSetState (13 bytes)
Event: 1.755 Thread 0x00000000196b9000 nmethod 1036 0x000000000340c210 code [0x000000000340c360, 0x000000000340c490]
Event: 1.755 Thread 0x00000000196b9000 1037       1       java.util.concurrent.locks.ReentrantLock::lock (8 bytes)
Event: 1.755 Thread 0x00000000196b9000 nmethod 1037 0x000000000340c4d0 code [0x000000000340c620, 0x000000000340c768]
Event: 1.755 Thread 0x00000000196b9000 1038       1       java.util.concurrent.locks.ReentrantLock$NonfairSync::lock (25 bytes)
Event: 1.756 Thread 0x00000000196b9000 nmethod 1038 0x000000000340c7d0 code [0x000000000340c960, 0x000000000340cb78]
Event: 1.756 Thread 0x00000000196b9000 1039       1       java.util.Objects::equals (23 bytes)
Event: 1.756 Thread 0x00000000196b9000 nmethod 1039 0x000000000340ccd0 code [0x000000000340ce20, 0x000000000340cf68]

GC Heap History (4 events):
Event: 1.515 GC heap before
{Heap before GC invocations=1 (full 0):
 PSYoungGen      total 38400K, used 33275K [0x00000000d5f00000, 0x00000000d8980000, 0x0000000100000000)
  eden space 33280K, 99% used [0x00000000d5f00000,0x00000000d7f7ef88,0x00000000d7f80000)
  from space 5120K, 0% used [0x00000000d8480000,0x00000000d8480000,0x00000000d8980000)
  to   space 5120K, 0% used [0x00000000d7f80000,0x00000000d7f80000,0x00000000d8480000)
 ParOldGen       total 87552K, used 0K [0x0000000081c00000, 0x0000000087180000, 0x00000000d5f00000)
  object space 87552K, 0% used [0x0000000081c00000,0x0000000081c00000,0x0000000087180000)
 Metaspace       used 9949K, capacity 10172K, committed 10368K, reserved 1058816K
  class space    used 1196K, capacity 1282K, committed 1408K, reserved 1048576K
Event: 1.521 GC heap after
Heap after GC invocations=1 (full 0):
 PSYoungGen      total 38400K, used 4382K [0x00000000d5f00000, 0x00000000d8980000, 0x0000000100000000)
  eden space 33280K, 0% used [0x00000000d5f00000,0x00000000d5f00000,0x00000000d7f80000)
  from space 5120K, 85% used [0x00000000d7f80000,0x00000000d83c78b8,0x00000000d8480000)
  to   space 5120K, 0% used [0x00000000d8480000,0x00000000d8480000,0x00000000d8980000)
 ParOldGen       total 87552K, used 16K [0x0000000081c00000, 0x0000000087180000, 0x00000000d5f00000)
  object space 87552K, 0% used [0x0000000081c00000,0x0000000081c04000,0x0000000087180000)
 Metaspace       used 9949K, capacity 10172K, committed 10368K, reserved 1058816K
  class space    used 1196K, capacity 1282K, committed 1408K, reserved 1048576K
}
Event: 1.561 GC heap before
{Heap before GC invocations=2 (full 0):
 PSYoungGen      total 38400K, used 37662K [0x00000000d5f00000, 0x00000000d8980000, 0x0000000100000000)
  eden space 33280K, 100% used [0x00000000d5f00000,0x00000000d7f80000,0x00000000d7f80000)
  from space 5120K, 85% used [0x00000000d7f80000,0x00000000d83c78b8,0x00000000d8480000)
  to   space 5120K, 0% used [0x00000000d8480000,0x00000000d8480000,0x00000000d8980000)
 ParOldGen       total 87552K, used 16K [0x0000000081c00000, 0x0000000087180000, 0x00000000d5f00000)
  object space 87552K, 0% used [0x0000000081c00000,0x0000000081c04000,0x0000000087180000)
 Metaspace       used 9970K, capacity 10182K, committed 10368K, reserved 1058816K
  class space    used 1199K, capacity 1285K, committed 1408K, reserved 1048576K
Event: 1.566 GC heap after
Heap after GC invocations=2 (full 0):
 PSYoungGen      total 38400K, used 3088K [0x00000000d5f00000, 0x00000000daa00000, 0x0000000100000000)
  eden space 33280K, 0% used [0x00000000d5f00000,0x00000000d5f00000,0x00000000d7f80000)
  from space 5120K, 60% used [0x00000000d8480000,0x00000000d87841d8,0x00000000d8980000)
  to   space 5120K, 0% used [0x00000000d7f80000,0x00000000d7f80000,0x00000000d8480000)
 ParOldGen       total 87552K, used 24K [0x0000000081c00000, 0x0000000087180000, 0x00000000d5f00000)
  object space 87552K, 0% used [0x0000000081c00000,0x0000000081c06000,0x0000000087180000)
 Metaspace       used 9970K, capacity 10182K, committed 10368K, reserved 1058816K
  class space    used 1199K, capacity 1285K, committed 1408K, reserved 1048576K
}

Deoptimization events (0 events):
No events

Classes redefined (0 events):
No events

Internal exceptions (10 events):
Event: 1.750 Thread 0x000000001946f000 Exception <a 'java/lang/ArrayIndexOutOfBoundsException'> (0x00000000d6ee7920) thrown at [C:\ade\jenkins\workspace\8-2-build-windows-amd64-cygwin\jdk8u241\331\hotspot\src\share\vm\runtime\sharedRuntime.cpp, line 605]
Event: 1.750 Thread 0x0000000019486000 Exception <a 'java/lang/ArrayIndexOutOfBoundsException'> (0x00000000d6ea1b40) thrown at [C:\ade\jenkins\workspace\8-2-build-windows-amd64-cygwin\jdk8u241\331\hotspot\src\share\vm\runtime\sharedRuntime.cpp, line 605]
Event: 1.753 Thread 0x0000000019486000 Exception <a 'java/lang/ArrayIndexOutOfBoundsException'> (0x00000000d6ea3900) thrown at [C:\ade\jenkins\workspace\8-2-build-windows-amd64-cygwin\jdk8u241\331\hotspot\src\share\vm\runtime\sharedRuntime.cpp, line 605]
Event: 1.753 Thread 0x000000001946f000 Exception <a 'java/lang/ArrayIndexOutOfBoundsException'> (0x00000000d6f14be8) thrown at [C:\ade\jenkins\workspace\8-2-build-windows-amd64-cygwin\jdk8u241\331\hotspot\src\share\vm\runtime\sharedRuntime.cpp, line 605]
Event: 1.755 Thread 0x000000001946f000 Exception <a 'java/lang/ArrayIndexOutOfBoundsException'> (0x00000000d6f166d0) thrown at [C:\ade\jenkins\workspace\8-2-build-windows-amd64-cygwin\jdk8u241\331\hotspot\src\share\vm\runtime\sharedRuntime.cpp, line 605]
Event: 1.755 Thread 0x0000000019486000 Exception <a 'java/lang/ArrayIndexOutOfBoundsException'> (0x00000000d6f399a0) thrown at [C:\ade\jenkins\workspace\8-2-build-windows-amd64-cygwin\jdk8u241\331\hotspot\src\share\vm\runtime\sharedRuntime.cpp, line 605]
Event: 1.757 Thread 0x000000001946f000 Exception <a 'java/lang/ArrayIndexOutOfBoundsException'> (0x00000000d6f18170) thrown at [C:\ade\jenkins\workspace\8-2-build-windows-amd64-cygwin\jdk8u241\331\hotspot\src\share\vm\runtime\sharedRuntime.cpp, line 605]
Event: 1.757 Thread 0x0000000019486000 Exception <a 'java/lang/ArrayIndexOutOfBoundsException'> (0x00000000d6f529a0) thrown at [C:\ade\jenkins\workspace\8-2-build-windows-amd64-cygwin\jdk8u241\331\hotspot\src\share\vm\runtime\sharedRuntime.cpp, line 605]
Event: 1.757 Thread 0x000000001946f000 Exception <a 'java/lang/ArrayIndexOutOfBoundsException'> (0x00000000d6f62188) thrown at [C:\ade\jenkins\workspace\8-2-build-windows-amd64-cygwin\jdk8u241\331\hotspot\src\share\vm\runtime\sharedRuntime.cpp, line 605]
Event: 1.757 Thread 0x0000000019486000 Exception <a 'java/lang/ArrayIndexOutOfBoundsException'> (0x00000000d6f54c30) thrown at [C:\ade\jenkins\workspace\8-2-build-windows-amd64-cygwin\jdk8u241\331\hotspot\src\share\vm\runtime\sharedRuntime.cpp, line 605]

Events (10 events):
Event: 1.757 loading class org/springframework/format/datetime/joda/JodaDateTimeFormatAnnotationFormatterFactory done
Event: 1.757 loading class org/springframework/boot/autoconfigure/BackgroundPreinitializer$ValidationInitializer
Event: 1.757 loading class org/springframework/boot/autoconfigure/BackgroundPreinitializer$ValidationInitializer done
Event: 1.757 loading class org/springframework/boot/convert/CharArrayFormatter
Event: 1.757 loading class org/springframework/boot/convert/CharArrayFormatter done
Event: 1.758 loading class javax/validation/Validation
Event: 1.758 loading class javax/validation/Validation done
Event: 1.758 loading class sun/reflect/generics/tree/CharSignature
Event: 1.758 loading class sun/reflect/generics/tree/CharSignature done
Event: 1.758 loading class sun/reflect/generics/tree/ArrayTypeSignature


Dynamic libraries:
0x00007ff772730000 - 0x00007ff772767000 	C:\Program Files\Java\jdk1.8.0_241\bin\java.exe
0x00007ff8531e0000 - 0x00007ff8533d0000 	C:\WINDOWS\SYSTEM32\ntdll.dll
0x00007ff8516d0000 - 0x00007ff851782000 	C:\WINDOWS\System32\KERNEL32.DLL
0x00007ff850fb0000 - 0x00007ff851253000 	C:\WINDOWS\System32\KERNELBASE.dll
0x00007ff851a30000 - 0x00007ff851ad3000 	C:\WINDOWS\System32\ADVAPI32.dll
0x00007ff851540000 - 0x00007ff8515de000 	C:\WINDOWS\System32\msvcrt.dll
0x00007ff853090000 - 0x00007ff853127000 	C:\WINDOWS\System32\sechost.dll
0x00007ff851ae0000 - 0x00007ff851c00000 	C:\WINDOWS\System32\RPCRT4.dll
0x00007ff852e10000 - 0x00007ff852fa4000 	C:\WINDOWS\System32\USER32.dll
0x00007ff8502a0000 - 0x00007ff8502c1000 	C:\WINDOWS\System32\win32u.dll
0x00007ff851850000 - 0x00007ff851876000 	C:\WINDOWS\System32\GDI32.dll
0x00007ff850e10000 - 0x00007ff850fa4000 	C:\WINDOWS\System32\gdi32full.dll
0x00007ff850b20000 - 0x00007ff850bbe000 	C:\WINDOWS\System32\msvcp_win.dll
0x00007ff850d10000 - 0x00007ff850e0a000 	C:\WINDOWS\System32\ucrtbase.dll
0x00007ff84f550000 - 0x00007ff84f7d5000 	C:\WINDOWS\WinSxS\amd64_microsoft.windows.common-controls_6595b64144ccf1df_6.0.18362.720_none_e6beb5c51314836b\COMCTL32.dll
0x00007ff8521b0000 - 0x00007ff8524e6000 	C:\WINDOWS\System32\combase.dll
0x00007ff850220000 - 0x00007ff8502a0000 	C:\WINDOWS\System32\bcryptPrimitives.dll
0x00007ff852070000 - 0x00007ff85209e000 	C:\WINDOWS\System32\IMM32.DLL
0x0000000055bb0000 - 0x0000000055c82000 	C:\Program Files\Java\jdk1.8.0_241\jre\bin\msvcr100.dll
0x0000000055080000 - 0x000000005592c000 	C:\Program Files\Java\jdk1.8.0_241\jre\bin\server\jvm.dll
0x00007ff851290000 - 0x00007ff851298000 	C:\WINDOWS\System32\PSAPI.DLL
0x00007ff84faf0000 - 0x00007ff84faf9000 	C:\WINDOWS\SYSTEM32\WSOCK32.dll
0x00007ff852fb0000 - 0x00007ff85301f000 	C:\WINDOWS\System32\WS2_32.dll
0x00007ff84c9c0000 - 0x00007ff84c9e4000 	C:\WINDOWS\SYSTEM32\WINMM.dll
0x00007ff845b70000 - 0x00007ff845b7a000 	C:\WINDOWS\SYSTEM32\VERSION.dll
0x00007ff84c990000 - 0x00007ff84c9bd000 	C:\WINDOWS\SYSTEM32\winmmbase.dll
0x00007ff8501d0000 - 0x00007ff85021a000 	C:\WINDOWS\System32\cfgmgr32.dll
0x00007ff84fae0000 - 0x00007ff84faef000 	C:\Program Files\Java\jdk1.8.0_241\jre\bin\verify.dll
0x00007ff83fbd0000 - 0x00007ff83fbf9000 	C:\Program Files\Java\jdk1.8.0_241\jre\bin\java.dll
0x00007ff83fba0000 - 0x00007ff83fbc3000 	C:\Program Files\Java\jdk1.8.0_241\jre\bin\instrument.dll
0x00007ff844500000 - 0x00007ff844516000 	C:\Program Files\Java\jdk1.8.0_241\jre\bin\zip.dll
0x00007ff852720000 - 0x00007ff852e05000 	C:\WINDOWS\System32\SHELL32.dll
0x00007ff8517a0000 - 0x00007ff851849000 	C:\WINDOWS\System32\shcore.dll
0x00007ff850380000 - 0x00007ff850b00000 	C:\WINDOWS\System32\windows.storage.dll
0x00007ff850140000 - 0x00007ff850163000 	C:\WINDOWS\System32\profapi.dll
0x00007ff8500f0000 - 0x00007ff85013a000 	C:\WINDOWS\System32\powrprof.dll
0x00007ff8500a0000 - 0x00007ff8500b0000 	C:\WINDOWS\System32\UMPDC.dll
0x00007ff852150000 - 0x00007ff8521a2000 	C:\WINDOWS\System32\shlwapi.dll
0x00007ff8500d0000 - 0x00007ff8500e1000 	C:\WINDOWS\System32\kernel.appcore.dll
0x00007ff850b00000 - 0x00007ff850b17000 	C:\WINDOWS\System32\cryptsp.dll
0x00007ff8436f0000 - 0x00007ff84370a000 	C:\Program Files\JetBrains\IntelliJ IDEA 2020.1\bin\breakgen64.dll
0x00007ff83fb80000 - 0x00007ff83fb9a000 	C:\Program Files\Java\jdk1.8.0_241\jre\bin\net.dll
0x00007ff84f230000 - 0x00007ff84f297000 	C:\WINDOWS\system32\mswsock.dll
0x00007ff84ef80000 - 0x00007ff84f04a000 	C:\WINDOWS\SYSTEM32\DNSAPI.dll
0x00007ff853130000 - 0x00007ff853138000 	C:\WINDOWS\System32\NSI.dll
0x00007ff84ef40000 - 0x00007ff84ef7a000 	C:\WINDOWS\SYSTEM32\IPHLPAPI.DLL
0x00007ff83e670000 - 0x00007ff83e67a000 	C:\Windows\System32\rasadhlp.dll
0x00007ff840da0000 - 0x00007ff840e17000 	C:\WINDOWS\System32\fwpuclnt.dll
0x00007ff851260000 - 0x00007ff851286000 	C:\WINDOWS\System32\bcrypt.dll
0x00007ff847b80000 - 0x00007ff847b8d000 	C:\Program Files\Java\jdk1.8.0_241\jre\bin\management.dll
0x00007ff83f790000 - 0x00007ff83f7a2000 	C:\Program Files\Java\jdk1.8.0_241\jre\bin\nio.dll
0x00007ff84eda0000 - 0x00007ff84edd3000 	C:\WINDOWS\system32\rsaenh.dll
0x00007ff84ff90000 - 0x00007ff84ffb5000 	C:\WINDOWS\SYSTEM32\USERENV.dll
0x00007ff84f400000 - 0x00007ff84f40c000 	C:\WINDOWS\SYSTEM32\CRYPTBASE.dll
0x00007ff840fa0000 - 0x00007ff840fb6000 	C:\WINDOWS\SYSTEM32\dhcpcsvc6.DLL
0x00007ff844690000 - 0x00007ff8446ac000 	C:\WINDOWS\SYSTEM32\dhcpcsvc.DLL
0x00007ff839260000 - 0x00007ff839276000 	C:\WINDOWS\system32\napinsp.dll
0x00007ff837520000 - 0x00007ff83753a000 	C:\WINDOWS\system32\pnrpnsp.dll
0x00007ff839240000 - 0x00007ff83924e000 	C:\WINDOWS\System32\winrnr.dll
0x00007ff84b160000 - 0x00007ff84b17c000 	C:\WINDOWS\system32\NLAapi.dll
0x00007ff8374b0000 - 0x00007ff8374c5000 	C:\WINDOWS\system32\wshbth.dll
0x00007ff84fb60000 - 0x00007ff84fd54000 	C:\WINDOWS\SYSTEM32\dbghelp.dll

VM Arguments:
jvm_args: -XX:TieredStopAtLevel=1 -Xverify:none -Dspring.output.ansi.enabled=always -Dcom.sun.management.jmxremote -Dspring.jmx.enabled=true -Dspring.liveBeansView.mbeanDomain -Dspring.application.admin.enabled=true -javaagent:C:\Program Files\JetBrains\IntelliJ IDEA 2020.1\lib\idea_rt.jar=54714:C:\Program Files\JetBrains\IntelliJ IDEA 2020.1\bin -Dfile.encoding=UTF-8 
java_command: com.testingnew.stack.StackApplication
java_class_path (initial): C:\Program Files\Java\jdk1.8.0_241\jre\lib\charsets.jar;C:\Program Files\Java\jdk1.8.0_241\jre\lib\deploy.jar;C:\Program Files\Java\jdk1.8.0_241\jre\lib\ext\access-bridge-64.jar;C:\Program Files\Java\jdk1.8.0_241\jre\lib\ext\cldrdata.jar;C:\Program Files\Java\jdk1.8.0_241\jre\lib\ext\dnsns.jar;C:\Program Files\Java\jdk1.8.0_241\jre\lib\ext\jaccess.jar;C:\Program Files\Java\jdk1.8.0_241\jre\lib\ext\jfxrt.jar;C:\Program Files\Java\jdk1.8.0_241\jre\lib\ext\localedata.jar;C:\Program Files\Java\jdk1.8.0_241\jre\lib\ext\nashorn.jar;C:\Program Files\Java\jdk1.8.0_241\jre\lib\ext\sunec.jar;C:\Program Files\Java\jdk1.8.0_241\jre\lib\ext\sunjce_provider.jar;C:\Program Files\Java\jdk1.8.0_241\jre\lib\ext\sunmscapi.jar;C:\Program Files\Java\jdk1.8.0_241\jre\lib\ext\sunpkcs11.jar;C:\Program Files\Java\jdk1.8.0_241\jre\lib\ext\zipfs.jar;C:\Program Files\Java\jdk1.8.0_241\jre\lib\javaws.jar;C:\Program Files\Java\jdk1.8.0_241\jre\lib\jce.jar;C:\Program Files\Java\jdk1.8.0_241\jre\lib\jfr.jar;C:\Program Files\Java\jdk1.8.0_241\jre\lib\jfxswt.jar;C:\Program Files\Java\jdk1.8.0_241\jre\lib\jsse.jar;C:\Program Files\Java\jdk1.8.0_241\jre\lib\management-agent.jar;C:\Program Files\Java\jdk1.8.0_241\jre\lib\plugin.jar;C:\Program Files\Java\jdk1.8.0_241\jre\lib\resources.jar;C:\Program Files\Java\jdk1.8.0_241\jre\lib\rt.jar;C:\Users\MB\eclipse-workspace\stack\target\classes;C:\Users\MB\.m2\repository\org\springframework\boot\spring-boot-starter-data-jpa\2.3.0.RELEASE\spring-boot-starter-data-jpa-2.3.0.RELEASE.jar;C:\Users\MB\.m2\repository\org\springframework\boot\spring-boot-starter-aop\2.3.0.RELEASE\spring-boot-starter-aop-2.3.0.RELEASE.jar;C:\Users\MB\.m2\repository\org\springframework\spring-aop\5.2.6.RELEASE\spring-aop-5.2.6.RELEASE.jar;C:\Users\MB\.m2\repository\org\aspectj\aspectjweaver\1.9.5\aspectjweaver-1.9.5.jar;C:\Users\MB\.m2\repository\org\springframework\boot\spring-boot-starter-jdbc\2.3.0.RELEASE\spring-boot-starter-jdbc-2.3.0.RELEASE.jar;C:\Use
Launcher Type: SUN_STANDARD

Environment Variables:
JAVA_HOME=C:\Program Files\Java\jdk1.8.0_241
PATH=C:\Program Files (x86)\Common Files\Oracle\Java\javapath;C:\WINDOWS\system32;C:\WINDOWS;C:\WINDOWS\System32\Wbem;C:\WINDOWS\System32\WindowsPowerShell\v1.0\;C:\Program Files (x86)\Intel\Intel(R) Management Engine Components\DAL;C:\Program Files\Intel\Intel(R) Management Engine Components\DAL;C:\Program Files\nodejs\;C:\Program Files\Git\cmd;C:\WINDOWS\System32\OpenSSH\;C:\Program Files\Java\jdk1.8.0_241\bin;C:\Program Files\apache-maven-3.6.3\bin;C:\Users\MB\AppData\Local\Microsoft\WindowsApps;C:\Users\MB\AppData\Local\Programs\Microsoft VS Code\bin;C:\Users\MB\AppData\Roaming\npm;C:\Windows\System32\;C:\Program Files\JetBrains\IntelliJ IDEA 2019.3.1\bin;C:\Program Files\heroku\bin;C:\Users\MB\AppData\Local\atom\bin;C:\Program Files\apache-maven-3.6.3\bin;
USERNAME=MB
OS=Windows_NT
PROCESSOR_IDENTIFIER=Intel64 Family 6 Model 78 Stepping 3, GenuineIntel



---------------  S Y S T E M  ---------------

OS: Windows 10.0 , 64 bit Build 18362 (10.0.18362.329)

CPU:total 4 (initial active 4) (2 cores per cpu, 2 threads per core) family 6 model 78 stepping 3, cmov, cx8, fxsr, mmx, sse, sse2, sse3, ssse3, sse4.1, sse4.2, popcnt, avx, avx2, aes, clmul, erms, 3dnowpref, lzcnt, ht, tsc, tscinvbit, bmi1, bmi2, adx

Memory: 4k page, physical 8268896k(2149388k free), swap 17181792k(7286056k free)

vm_info: Java HotSpot(TM) 64-Bit Server VM (25.241-b07) for windows-amd64 JRE (1.8.0_241-b07), built on Dec 11 2019 10:21:40 by "rejava" with MS VC++ 10.0 (VS2010)

time: Wed May 20 13:07:46 2020
timezone: Paris, Madrid (heure d’été)
elapsed time: 1 seconds (0d 0h 0m 1s)

